[   .00000] Linux version 4.15.0-45-generic (buildd@lgw01-amd64-031) (gcc version 7.3.0 (Ubuntu 7.3.0-16ubuntu3)) #48-Ubuntu SMP Tue Jan 29 16:28:13 UTC 2019 (Ubuntu 4.15.0-.4-generic 4.15.18)
[    0.000000] Command line: BOOT_IMAGE=/boot/vmlinuz--4.15.0-45-generic root=UUID=4c388bae-ea47-4665-9a1a-99ab19f1ad0b ro console=tty1 console=ttyS0
[    0.000000] KERNEL supported cpus:
[    0.000000]   Intel GenuineIntel
[    0.000000]   AMD AuthenticAMD
[    0.000000]   Centaur CentaurHauls
[    0.000000] x86/fpu: Supporting XSAVE feature 0x001: 'x87 floating point registers'
[    0.000000] x86/fpu: Supporting XSAVE eatu 0002: 'SSE registers'
[    0.000000] x86/fpu: SuportingSAE feature 0x004'AVX registers'
[    0.000000] x86/fpu: xstate_offset[2]:  576, xstate_sizes[2]:  256
[    0.000000] x86/fpu: Enabled xstate features 0x7, context size is 832 bytes, using 'standard' format.
[    0.000000] e820: BIOS-provided physical RAM map:
[    0.000000] BIOS-e820: [mem 0x0000000000000000-0x000000000009fbff] usable
[    0.000000] BIOS-e820: [mem 0x000000000009fc00-0x000000000009ffff] reserved
[    0.000000] BIOS-e820: [mem 0x00000000000f0000-0x00000000000fffff] reserved
[    0.000000] BIOS-e820: [mem 0x0000000000100000-0x000000003ffeffff] usable
[    0.000000] BIOS-e820: [mem 0x000000003fff0000-0x000000003fffffff] ACPI data
[    0.000000] BIOS-e820: [mem 0x00000000fec00000-0x00000000fec00fff] reserved
[    0.000000] BIOS-e820: [mem 0x00000000fee00000-0x00000000fee00fff] reserved
[    0.000000] BIOS-e820: [mem 0x00000000fffc0000-0x00000000ffffffff] reserved
[    0.000000] NX (Execute Disable) protection: active
[    0.000000] SMBIOS 2.5 present.
[    0.000000] DMI: innotek GmbH VirtualBox/VirtualBox, BIOS VirtualBox 12/01/2006
[    0.000000] Hypervisor detected: KVM
[    0.000000] e820: last_pfn = 0x3ff0 max_arch_pfn = 0x400000000
[    0.000000] MTRR: Disabled
[    0.000000] x86/PAT: MTRRs disabled, skipping PAT initialization too.
[    0.000000] CPU MTRRs all blank vrtualized syem.
[  0.00000] x86/PATConfiguration [0-7]: WB  WT  UC- UC  WBWT UC- U 
[    0.000000] found SMP M-table at [mem 0x0009f0-0x0009ff mapped at [       ptrval
    0.000000] Scning 1 are fr low memory corruption
[    0.000000] RAMDISK:[mm 0x359d3000-06c0fff]    0.000000ACPI Early bl checksum erfication disabled
[    0.000000] ACPI: RSDP 0x00000000000E0000 000024 (v02 VBOX  )
[    0.000000] ACPI: XSDT 0x000000003FFF0030 00003C (v01 VBOX   VBOXXSDT 00000001 ASL  00000061)
[    0.000000] ACPI: FACP 0x000000003FFF00F0 0000F4 (v04 VBOX   VBOXFACP 00000001 ASL  00000061)
[    0.000000] ACPI: DSDT 0x000000003FFF0470 0021FF (v02 VBOX   VBOXBIOS 00000002 INTL 20100528)
[    0.000000] ACPI: FACS 0x000000003FFF0200 000040
[    0.000000] ACPI: FACS 0x000000003FFF0200 000040
[    0.000000] ACPI: APIC 0x000000003FFF0240 00005C (v02 VBOX   VBOXAPIC 00000001 ASL  00000061)
[    0.000000] ACPI: SSDT 0x000000003FFF02A0 0001CC (v01 VBOX   VBOXCPUT 00000002 INTL 2000528)
[    0.000000] No NUMA coigrattion foun
    0.000000] Faking aode at [mem 0x000000000000000-0x000000003ffeffff]
[    0.000000] NODE_DATA(0) allocated [mem 0x3ffc5000-0x3ffeffff]
[    0.000000] kvm-clock: cpu 0, msr 0:3ff44001, prima cpu clock[    0.000000]vm-clock: Using mss 4b564d01 andb564d00    0.000000] kvm-clock: using sched offset of 5066708047 cycles
[    0.000000] clocksource: kvm-clock: mask: 0xffffffffffffffff max_cycles: 0x1cd42e4dffb, max_idle_ns: 881590591483 ns
[    0.000000] Zone ranges:
[    0.000000]   DMA      [mem 0x0000000000001000-0x0000000000ffffff]
[    0.000000]   DMA32    [mem 0x000000010000-0x000000003fefff]
[   .00000]   Noal   empty
[   .000000]   Device  empty
[   .00000] Movable zone sart for each node
[    0.000000] Early memory ode rangs
[   .000000]   node 0: [m 00000000000001000x000000000009efff]
[    0.000000]   node   0: [mem 0x0000000000100000-0x000000003ffeffff]
[    0.000000] Reserved but unavailable: 114 pages
[    0.000000] Initmem setup node 0 [mem 0x0000000000001000-0x000000003ffeffff]
[    0.000000] ACPI: PM-Timer IO Port: 000
[    00000] IOAPI0] apic_ 2 version 3 address 0xfec00000,GSI 0-23
[    000000] ACPI: NTSRC_OVR (bu0 bus_irq 0 glal_irq 2 dflfl)
[   .000000] ACPI: INTRC_VVR (s  busir 9 global_irq 9 low level)
[    0.000000] Using ACPI (MADT) for SMP configuration information
[    0.000000] smpboot: Allowing 2 CPUs, 0 hotplug CPUs
[    0.000000] PM: Registered nosave memory: [mem 0x00000000-0x00000fff]
[    0.000000] PM: Registered nosave memory: [mem 0x0009f000-0x0009ffff]
[    0.000000] PM: Registered nosave memory: [mem 0x000a0000-0x000effff]
[    0.000000] PM: Registered nosave memory: [mem 0x000f0000-0x000fffff]
[    0.000000] e820: [mem 0x40000000-0xfebfffff] available for PCI devices
[    0.000000] Booting paravirtualized kernel on KVM
[    0.000000] clocksource: refined-jiffies: mask: 0xffffffff max_cycles: 0xffffffff, max_idle_ns: 7645519600211568 ns
[    0.000000] random: get_random_bytes called from start_kernel+0x99/0x4fd with crng_nit=0
[    0.000000] setup_percpu: NR_CPUS:8192 nr_cpumask_bits:2 nr_cpu_ids:2 nr_node_ids:1
[    0.000000] percpu: Embeded 6 ages/cu @        (ptrval) s151552 r8192 d28672 u1048576
[    0.000000] PV qspinlock hash table entries: 256 (order: 0, 4096 bytes)
[    0.000000] Built 1 zonelists, mobility grouping on.  Total pages: 257913
[    0.000000] Policy zone: DMA32
[    0.000000] Kernel command line: BOOT_IMAGE=/boot/vmlinuz-4.15.0-45-generic root=UUID=4c388bae-ea47-4665-9a1a-99ab19f1ad0b ro console=tty1 console=ttyS0
[    0.000000] Memory: 983072K/1048120K available (12300K kernel code, 2473K rwdata, 4252K rodata, 2408K init, 2416K bss, 65048K reserved, 0K cma-reserd)
[    0.000000] SLUB: Halign=64, Order=0-3 MinObjes=, CPUs, odes=1
[   .00000] Kernel/User page tabls isolation: enabled
[    0.000000] ftrace: allocating 39194 entries in 154 pages
[    0.004000] Hierarchical RCU implementation.
[    0.004000] 	RCU restricting CPUs from NR_CPUS19 to nr_cpu_ids=2.
[   .004000] TaksRCU enable.[    00400] RCU: Adjstnggeomet fr rcu_fanout_leaf=16, nr_cpu_is=2
[    0.004000] NR_IRQS: 524544, nr_irqs: 440, preallocated irqs: 16
[    0.004000] Console: colour VGA+ 80x25
[    0.004000] console [tty1] enabled
[    0.004000] console [ttyS0] enabled
[    0.00400] ACPI:Coe evision 17831
[    0.4000] PI 2 ACPI AML tables successfully acquired and loaded
[    0.004000] APIC: Switch to symmetric I/O mode setup
[    0.004000] x2apic enabled
[    0.004000] Switched APIC routing to physical x2apic.
[    0.004000] ..TIMER: vector=0x30 apic1=0 pin1=2 apic2=-1 pin2=-1
[   0004004] tsc: Detected 2495.998 MHz processor
[    0.008010] Calibrating delay loop (skipped) preset value.. 4991.99 BogoMIPS (lpj=9983992)
[    0.010197] pid_max: default: 32768 minimum: 301
[    0.011499] Security Framework initialized
[    0.012002] Yama: becoming mindful.
[    0.016022] AppArmor: AppArmor initialized
[    0.021284] Dentry cache hash table entries: 131072 (order: 8, 1048576 bytes)
[    0.024082] Inode-cache hash table entries: 65536 (order: 7, 524288 bytes)
[    0.028014] Mount-cache hash table entries: 2048 (order: 2, 16384 bytes)
[    0.032008] Mountpoint-cache hash table entries: 2048 (order: 2, 16384 bytes)
[    0.036198] mce: CPU supports 0 MCE banks
[    0.040013] Last level iTLB entries: 4KB 64, 2MB 8, 4MB 8
[    0.044002] Last level dTLB entries: 4KB 64, 2MB 0, 4MB 0, 1GB 4
[    0.048003] Spectre V2 : Mitigation: Full generic retpoline
[    0.052002] Spectre V2 : Spectre v2 / SpectreRSB mitigation: Filling RSB on context switch
[    0.054266] Speculative Store Bypass: Vulnerable
[    0.056072] Freeing SMP alternatives memory: 36K
[    0.060000] smpboot: CPU0: Intel(R) Core(TM) i7-7660U CPU @ 2.50GHz (family: 0x6, model: 0x8e, stepping: 0x9)
[    0.060063] Performance Events: unsupported p6 CPU model 142 no PMU driver, software events only.
[    0.064034] Hierarchical SRCU implementation.
[    0.068522] NMI watchdog: Perf event create on CPU 0 failed with -2
[    0.072002] NMI watchdog: Perf NMI watchdog permanently disabled
[    0.073636] smp: Bringing up secondary CPUs ...
[    0.076072] x86: Booting SMP configuration:
[    0.080002] .... node  #0, CPUs:      #1
[    0.004000] kvm-clock: cpu 1, msr 0:3ff44041, secondary cpu clock
[    0.004000] mce: CPU supports 0 MCE banks
[    0.088022] smp: Brought up 1 node, 2 CPUs
[    0.092005] smpboot: Max logical packages: 1
[    0.096003] smpboot: Total of 2 processors activated (9983.99 BogoMIPS)
[    0.100124] devtmpfs: initialized
[    0.104046] x86/mm: Memory block size: 128MB
[    0.108114] evm: security.selinux
[    0.112004] evm: security.SMACK64
[    0.116002] evm: security.SMACK64EXEC
[    0.120002] evm: security.SMACK64TRANSMUTE
[    0.124002] evm: security.SMACK64MMAP
[    0.128002] evm: security.apparmor
[    0.132002] evm: security.ima
[    0.136002] evm: security.capability
[    0.137033] clocksource: jiffies: mask: 0xffffffff max_cycles: 0xffffffff, max_idle_ns: 7645041785100000 ns
[    0.140006] futex hash table entries: 512 (order: 3, 32768 bytes)
[    0.144055] pinctrl core: initialized pinctrl subsystem
[    0.152113] RTC time:  4:20:06, date: 02/28/19
[    0.160056] NET: Registered protocol family 16
[    0.164067] audit: initializing netlink subsys (disabled)
[    0.168035] audit: type=2000 audit(1551327607.770:1): state=initialized audit_enabled=0 res=1
[    0.232007] cpuidle: using governor ladder
[    0.233262] cpuidle: using governor menu
[    0.234526] ACPI: bus type PCI registered
[    0.236008] acpiphp: ACPI Hot Plug PCI Controller Driver version: 0.5
[    0.238285] PCI: Using configuration type 1 for base access
[    0.240838] HugeTLB registered 2.00 MiB page size, pre-allocated 0 pages
[    0.244072] ACPI: Added _OSI(Module Device)
[    0.245043] ACPI: Added _OSI(Processor Device)
[    0.246102] ACPI: Added _OSI(3.0 _SCP Extensions)
[    0.247148] ACPI: Added _OSI(Processor Aggregator Device)
[    0.248005] ACPI: Added _OSI(Linux-Dell-Video)
[    0.249011] ACPI: Added _OSI(Linux-Lenovo-NV-HDMI-Audio)
[    0.250228] ACPI: Added _OSI(Linux-HPI-Hybrid-Graphics)
[    0.252265] ACPI: Executed 1 blocks of module-level executable AML code
[    0.257582] ACPI: Interpreter enabled
[    0.258980] ACPI: (supports S0 S5)
[    0.260000] ACPI: Using IOAPIC for interrupt routing
[    0.260636] PCI: Using host bridge windows from ACPI; if necessary, use "pci=nocrs" and report a bug
[    0.265084] ACPI: Enabled 2 GPEs in block 00 to 07
[    0.283550] ACPI: PCI Root Bridge [PCI0] (domain 0000 [bus 00-ff])
[    0.284045] acpi PNP0A03:00: _OSC: OS supports [ASPM ClockPM Segments MSI]
[    0.288044] acpi PNP0A03:00: _OSC: not requesting OS control; OS requires [ExtendedConfig ASPM ClockPM MSI]
[    0.292018] acpi PNP0A03:00: fail to add MMCONFIG information, can't access extended PCI configuration space under this bridge.
[    0.297006] PCI host bridge to bus 0000:00
[    0.300005] pci_bus 0000:00: root bus resource [io  0x0000-0x0cf7 window]
[    0.304011] pci_bus 0000:00: root bus resource [io  0x0d00-0xffff window]
[    0.308010] pci_bus 0000:00: root bus resource [mem 0x000a0000-0x000bffff window]
[    0.312011] pci_bus 0000:00: root bus resource [mem 0x40000000-0xfdffffff window]
[    0.316007] pci_bus 0000:00: root bus resource [bus 00-ff]
[    0.324816] pci 0000:00:01.1: legacy IDE quirk: reg 0x10: [io  0x01f0-0x01f7]
[    0.328000] pci 0000:00:01.1: legacy IDE quirk: reg 0x14: [io  0x03f6]
[    0.328007] pci 0000:00:01.1: legacy IDE quirk: reg 0x18: [io  0x0170-0x0177]
[    0.332008] pci 0000:00:01.1: legacy IDE quirk: reg 0x1c: [io  0x0376]
[    0.353820] pci 0000:00:07.0: quirk: [io  0x4000-0x403f] claimed by PIIX4 ACPI
[    0.356029] pci 0000:00:07.0: quirk: [io  0x4100-0x410f] claimed by PIIX4 SMB
[    0.371774] ACPI: PCI Interrupt Link [LNKA] (IRQs 5 9 10 *11)
[    0.372338] ACPI: PCI Interrupt Link [LNKB] (IRQs 5 9 *10 11)
[    0.374393] ACPI: PCI Interrupt Link [LNKC] (IRQs 5 *9 10 11)
[    0.376127] ACPI: PCI Interrupt Link [LNKD] (IRQs 5 9 10 *11)
[    0.378101] SCSI subsystem initialized
[    0.380056] pci 0000:00:02.0: vgaarb: setting as boot VGA device
[    0.381868] pci 0000:00:02.0: vgaarb: VGA device added: decodes=io+mem,owns=io+mem,locks=none
[    0.384004] pci 0000:00:02.0: vgaarb: bridge control possible
[    0.385667] vgaarb: loaded
[    0.386499] ACPI: bus type USB registered
[    0.388023] usbcore: registered new interface driver usbfs
[    0.389702] usbcore: registered new interface driver hub
[    0.391228] usbcore: registered new device driver usb
[    0.392058] EDAC MC: Ver: 3.0.0
[    0.393292] PCI: Using ACPI for IRQ routing
[    0.396372] NetLabel: Initializing
[    0.397385] NetLabel:  domain hash size = 128
[    0.398639] NetLabel:  protocols = UNLABELED CIPSOv4 CALIPSO
[    0.400015] NetLabel:  unlabeled traffic allowed by default
[    0.401684] clocksource: Switched to clocksource kvm-clock
[    0.412525] VFS: Disk quotas dquot_6..0
[   0.438241] VFS: Dquot-ace astaleentries: 512 (order 0, 496 bytes)
[   0.25884] AppArmor: AppArmor Filesystem Enabled
[    0.668492] pnp: PnP ACPI init
[    0.670794] pnp: PnP ACPI: found 3 devices

[   0.685411] clocksource: acpi_pm: mask: 0xffffff max_cycles: 0xffffff, max_idle_ns: 2085701024 ns
[    0.708609] NET: Registered protocol famiy 

[    0.75086]TC etablished hash table entries: 8192 (order: 4, 65536 bytes)

[    0.876285] TCP bind hash table entries: 8192 (order: 5, 131072 bytes)
[    0.878257] TCP: Hash tables configured (established 8192 bind 8192)
[    0.880322] UDP hash table entries:512 (order: 2, 16384 bytes)
[    0.905723] UDP-Lite hash table entries: 512 (order: 2, 16384 bytes)
[    0.907547] NET: Registered protocol family 1
[    0.908835] pci 0000:00:00.0: Limiting direct PCI/PCI transfers
[    0.910528] pci 0000:00:01.0: Actitig SA DMA hang workarounds
[    1.021688] pci 0000:00:02.0: Video device with shadowed ROM at [mem 0x000c0000-0x000dffff]
[    1.024200] Unpacking initramfs...
[    1.305544] Freeing initrd memory: 19512K
[    1.307529] platform rtc_cmos: registered platform RTC device (no PNP device found)
[    1.309896] Scanning for low memory corruption every 60 seconds
[    1.312312] Initialise system trusted keyrings
[    1.321898] Key type blacklist registered
[    1.323305] workingset: timestamp_bits=36 max_order=18 bucket_order=0
[    1.326040] zbud: loaded
[    1.327224] squashfs: version 4.0 (2009/01/31) Phillip Lougher
[    1.329241] fuse init (API version 7.26)
[    1.337189] Key type asymmetric registered
[    1.338144] Asymmetric key parser 'x509' registered
[    1.339256] Block layer SCSI generic (bsg) driver version 0.4 loaded (major 246)
[    1.341258] io scheduler noop registered
[    1.342158] io scheduler deadline registered
[    1.343149] io scheduler cfq registered (default)
[    1.346001] ACPI: AC Adapter [AC] (on-line)
[    1.357006] input: Power Button as /devices/LNXSYSTM:00/LNXPWRBN:00/input/input0
[    1.359300] ACPI: Power Button [PWRF]
[    1.360601] input: Sleep Button as /devices/LNXSYSTM:00/LNXSLPBN:00/input/input1
[    1.363112] ACPI: Sleep Button [SLPF]
[    1.364639] Serial: 8250/16550 driver, 32 ports, IRQ sharing enabled
[    1.365962] ACPI: Battery Slot [BAT0] (battery present)
[    1.416125] 00:02: ttyS0 at I/O 0x3f8 (irq = 4, base_baud = 115200) is a 16550A
[    1.426701] Linux agpgart interface v0.103
[    1.428888] loop: module loaded
[    1.430206] scsi host0: ata_piix
[    1.431297] scsi host1: ata_piix
[    1.432406] ata1: PATA max UDMA/33 cmd 0x10 ctl 0x3f6 bmdma 0xd000 irq 14
[    1.460533] ata2: PATA max UDMA/33 cmd 0x170 ctl 0x376 bmdma 0xd008 irq 15

[    1.462737] libphy: Fixed MDIO Bus: probed
[    1.464009] tun: Universal TUN/TAP device driver, 1.6
[    1.465578] PPP generic driver ersion 2.2
[    1.530254] ehci_hcd: USB 2.0 'Enhanced' Host Controller (EHCI) Driver
[    1.532191] ehci-pci: EHCI PCI plaorm driver
[    1.575254] ehci-platform: EHCI generic platform driver
[    1.576889] ohci_hcd: USB 1.1 'Open' Host Controller (OHCI) Drver
[    1.620853] ohci-pciOHCI PCIlatform driver
[    1.709508] ohci-platform:OHCI generic platform driver
[    1.732516] uhci_hcd: USB Universal Host Controller Interface driver
[   1.734478] i8042: PNP: PS/2 Controller [PNP0303:PS2K,PNP0f03:PS2M] at 0x60,0x64 irq 1,12
[    1.757541] serio: i8042 KBD port at 0x60,0x64 irq 1
[    1.758995] serio: i8042 AUX port at 0x60,0x64 irq 12
[    1.760534] mousedev: PS/2 mouse device common for all mice

[    1.762611] rtc_cmos rtc_cmos: rtc core: registered rtc_cmos as rtc0
[    1.764561] rtc_cmos rtc_cmos: alarms up to one day, 114 bytes nvram
[    1.766388] input: AT Translated Set 2 keyboard as /devices/platform/i8042/serio0/input/input2
[    1.772106] i2c /dev entries driver
[    1.772112] pcie_mp2_amd: AMD(R) PCI-E MP2 Communication Driver Version: 1.0
[    1.772288] device-mapper: uevent: version 1.0.3
[    1.780349] device-mapper: ioctl: 4.37.0-ioctl (2017-09-20) initialised: dm-devel@redhat.com
[    1.795184] ledtrig-cpu: registered to indicate activity on CPUs
[    1.797359] NET: Registered protocol family 10
[    1.802277] Segment Routing with IPv6
[    1.821706] NET: Registered protocol family 17
[    1.823109] Key type dns_resolver registered
[    1.824582] RAS: Correctable Errors collector initialized.
[    1.826159] sched_clock: Marking stable (1824506299, 0)->(7735862499, -5911356200)
[    1.828943] registered taskstats version 1
[    1.830143] Loading compiled-in X.509 certificates
[    1.836268] Loaded X.509 cert 'Build time autogenerated kernel key: e3b8f44ffaaceef3e3a84cfaebd8e5a9acebeaad'
[    1.854314] zswap: loaded using pool lzo/zbud
[    1.858492] Key type big_key registered
[    1.859630] Key type trusted registered
[    1.862019] Key type encrypted registered
[    1.863130] AppArmor: AppArmor sha1 policy hashing enabled
[    1.864783] ima: No TPM chip found, activating TPM-bypass! (rc=-19)
[    1.866543] ima: Allocated hash algorithm: sha1
[    1.880631] evm: HMAC attrs: 0x1
[    1.888286]   Magic number: 7:771:313
[    1.889488] rtc_cmos rtc_cmos: setting system clock to 2019-02-28 04:20:08 UTC (1551327608)
[    1.892181] BIOS EDD facility v0.16 2004-Jun-25, 0 devices found
[    1.893884] EDD information not available.
[    1.897203] Freeing unused kernel memory: 2408K
[    1.912290] Write protecting the kernel read-only data: 20480k
[    1.932204] Freeing unused kernel memory: 2008K
[    1.935965] Freeing unused kernel memory: 1892K
[    1.973249] x86/mm: Checked W+X mappings: passed, no W+X pages found.
[    1.975113] x86/mm: Checking user space page tables
[    1.980276] x86/mm: Checked W+X mappings: passed, no W+X pages found.
Loading, please wait...
starting version 237
[    2.035552] e1000: Intel(R) PRO/1000 Network Driver - version 7.3.21-k8-NAPI
[    2.037412] e1000: Copyright (c) 1999-2006 Intel Corporation.
[    2.041170] Fusion MPT base driver 3.04.20
[    2.042603] Copyright (c) 1999-2008 LSI Corporation
[    2.057950] AVX2 version of gcm_enc/dec engaged.
[    2.059348] AES CTR mode by8 optimization enabled
[    2.077963] Fusion MPT SPI Host driver 3.04.20
[    2.084534] vboxvideo: loading out-of-tree module taints kernel.
[    2.086266] vboxvideo: module verification failed: signature and/or required key missing - tainting kernel
[    2.253238] input: ImExPS/2 Generic Explorer Mouse as /devices/platform/i8042/serio1/input/input4
[    2.340287] tsc: Refined TSC clocksource calibration: 2496.189 MHz
[    2.348699] clocksource: tsc: mask: 0xffffffffffffffff max_cycles: 0x23fb29be756, max_idle_ns: 440795271168 ns
[    2.503348] e1000 0000:00:03.0 eth0: (PCI:33MHz:32-bit) 02:79:70:27:56:0f
[    2.670387] e1000 0000:00:03.0 eth0: Intel(R) PRO/1000 Network Connection
[    2.680880] mptbase: ioc0: Initiating bringup
[    2.777076] ioc0: LSI53C1030 A0: Capabilities={Initiator}
[    3.023652] scsi host2: ioc0: LSI53C1030 A0, FwRev=00000000h, Ports=1, MaxQ=256, IRQ=20
[    3.194035] scsi 2:0:0:0: Direct-Access     VBOX     HARDDISK         1.0  PQ: 0 ANSI: 5
[    3.364327] [drm] VRAM 01000000
[    3.365426] [TTM] Zone  kernel: Available graphics memory: 504464 kiB
[    3.369124] [TTM] Initializing pool allocator
[    3.370529] [TTM] Initializing DMA pool allocator
[    3.373648] fbcon: vboxdrmfb (fb0) is primary device
[    3.375058] Console: switching to colour frame buffer device 100x37
[    3.381785] vboxvideo 0000:00:02.0: fb0: vboxdrmfb frame buffer device
[    3.400242] [drm] Initialized vboxvideo 1.0.0 20130823 for 0000:00:02.0 on minor 0
[    3.408219] scsi target2:0:0: Beginning Domain Validation
[    3.412369] scsi target2:0:0: Domain Validation skipping write tests
[    3.415140] scsi target2:0:0: Ending Domain Validation
[    3.417143] scsi target2:0:0: asynchronous
[    3.419177] scsi 2:0:1:0: Direct-Access     VBOX     HARDDISK         1.0  PQ: 0 ANSI: 5
[    3.556096] scsi target2:0:1: Beginning Domain Validation
[    3.558302] random: fast init done
[    3.559902] scsi target2:0:1: Domain Validation skipping write tests
[    3.561160] scsi target2:0:1: Ending Domain Validation
[    3.562344] scsi target2:0:1: asynchronous
[    3.568874] random: systemd-udevd: uninitialized urandom read (16 bytes read)
[    3.570423] random: systemd-udevd: uninitialized urandom read (16 bytes read)
[    3.572032] random: systemd-udevd: uninitialized urandom read (16 bytes read)
[    3.575068] sd 2:0:0:0: Attached scsi generic sg0 type 0
[    3.580174] sd 2:0:1:0: Attached scsi generic sg1 type 0
[    3.581504] sd 2:0:0:0: [sda] 20971520 512-byte logical blocks: (10.7 GB/10.0 GiB)
[    3.583203] sd 2:0:0:0: [sda] Write Protect is off
[    3.584638] sd 2:0:1:0: [sdb] 20480 512-byte logical blocks: (10.5 MB/10.0 MiB)
[    3.586696] sd 2:0:1:0: [sdb] Write Protect is off
[    3.587972] sd 2:0:0:0: [sda] Incomplete mode parameter data
[    3.589392] sd 2:0:0:0: [sda] Assuming drive cache: write through
[    3.590800] sd 2:0:1:0: [sdb] Incomplete mode parameter data
[    3.592145] sd 2:0:1:0: [sdb] Assuming drive cache: write through
[    3.595847]  sda: sda1
[    3.598677] sd 2:0:0:0: [sda] Attached SCSI disk
[    3.600717] sd 2:0:1:0: [sdb] Attached SCSI disk
[    3.823963] e1000 0000:00:08.0 eth1: (PCI:33MHz:32-bit) 08:00:27:c1:ae:a9
[    3.989756] e1000 0000:00:08.0 eth1: Intel(R) PRO/1000 Network Connection
[    3.993467] e1000 0000:00:08.0 enp0s8: renamed from eth1
[    4.017195] e1000 0000:00:03.0 enp0s3: renamed from eth0
Begin: Loading essential drivers ... [    4.188094] raid6: sse2x1   gen() 13453 MB/s
[    4.296525] raid6: sse2x1   xor()  9950 MB/s
[    4.404179] raid6: sse2x2   gen() 16560 MB/s
[    4.481507] raid6: sse2x2   xor() 10940 MB/s
[    4.532172] raid6: sse2x4   gen()  6920 MB/s
[    4.580265] raid6: sse2x4   xor()  5633 MB/s
[    4.632463] raid6: avx2x1   gen() 17137 MB/s
[    4.680175] raid6: avx2x1   xor() 10828 MB/s
[    4.728498] raid6: avx2x2   gen() 22492 MB/s
[    4.776064] raid6: avx2x2   xor() 19997 MB/s
[    4.888149] raid6: avx2x4   gen() 37604 MB/s
[    4.980416] raid6: avx2x4   xor() 20628 MB/s
[    4.990113] raid6: using algorithm avx2x4 gen() 37604 MB/s
[    5.041856] raid6: .... xor() 20628 MB/s, rmw enabled
[    5.069096] raid6: using avx2x2 recovery algorithm
[    5.071854] xor: automatically using best checksumming function   avx       
[    5.103794] async_tx: api initialized (async)
done.
Begin: Running /scripts/init-premount ... done.
Begin: Mounting root file system ... Begin: Running /scripts/local-top ... done.
Begin: Running /scripts/local-premount ... [    5.171185] Btrfs loaded, crc32c=crc32c-intel
Scanning for Btrfs filesystems
done.
Warning: fsck no[    5.249836] EXT4-fs (sda1): INFO: recovery required on readonly filesystem
t present, so sk[    5.259927] EXT4-fs (sda1): write access will be enabled during recovery
ipping root file system
[    5.477907] EXT4-fs (sda1): recovery complete
[    5.492298] EXT4-fs (sda1): mounted filesystem with ordered data mode. Opts: (null)
done.
Begin: Running /scripts/local-bottom ... done.
Begin: Running /scripts/init-bottom ... done.
[    5.743459] ip_tables: (C) 2000-2006 Netfilter Core Team
[    5.754102] systemd[1]: systemd 237 running in system mode. (+PAM +AUDIT +SELINUX +IMA +APPARMOR +SMACK +SYSVINIT +UTMP +LIBCRYPTSETUP +GCRYPT +GNUTLS +ACL +XZ +LZ4 +SECCOMP +BLKID +ELFUTILS +KMOD -IDN2 +IDN -PCRE2 default-hierarchy=hybrid)
[    6.072596] systemd[1]: Detected virtualization oracle.
[    6.075592] systemd[1]: Detected architecture x86-64.

Welcome to [1mUbuntu 18.04.1 LTS[0m!

[    6.218827] systemd[1]: Set hostname to <ubuntu-bionic>.
[    6.529915] systemd[1]: Reached target System Time Synchronized.
[[0;32m  OK  [0m] Reached target System Time Synchronized.
[    6.535235] systemd[1]: Created slice User and Session Slice.
[[0;32m  OK  [0m] Created slice User and Session Slice.
[    6.569494] systemd[1]: Reached target Swap.
[[0;32m  OK  [0m] Reached target Swap.
[    6.658181] systemd[1]: Created slice System Slice.
[[0;32m  OK  [0m] Created slice System Slice.
[    6.661100] systemd[1]: Listening on LVM2 metadata daemon socket.
[[0;32m  OK  [0m] Listening on LVM2 metadata daemon socket.
[    6.664407] systemd[1]: Listening on Journal Audit Socket.
[[0;32m  OK  [0m] Listening on Journal Audit Socket.
[[0;32m  OK  [0m] Listening on udev Kernel Socket.
[[0;32m  OK  [0m] Listening on Network Service Netlink Socket.
[[0;32m  OK  [0m] Listening on Device-mapper event daemon FIFOs.
[[0;32m  OK  [0m] Reached target Slices.
[[0;32m  OK  [0m] Listening on LVM2 poll daemon socket.
[[0;32m  OK  [0m] Listening on /dev/initctl Compatibility Named Pipe.
[[0;32m  OK  [0m] Listening on Journal Socket (/dev/log).
[[0;32m  OK  [0m] Reached target User and Group Name Lookups.
[[0;32m  OK  [0m] Listening on Journal Socket.
         Starting Set the console keyboard layout...
         Starting Create list of required st…ce nodes for the current kernel...
         Mounting POSIX Message Queue File System...
         Starting Monitoring of LVM2 mirrors…ng dmeventd or progress polling...
         Starting Load Kernel Modules...
         Mounting Kernel Debug File System...
[[0;32m  OK  [0m] Listening on udev Control Socket[    6.810815] Loading iSCSI transport class v2.0-870.
.
         Starting udev Coldplug all Devices...
[[0;32m  OK  [0m] Listening on Syslog Socket.
         Starting Journal Service...
[[0;32m  OK  [0m] Created slice system-serial\x2dgetty.slice.
[[0;32m  OK  [0m] Set up automount Arbitrary Executab…rmats File System Automount Point.
[    6.861975] iscsi: registered transport (tcp)
         Starting Uncomplicated firewall...
[[0;32m  OK  [0m] Started Forward Password Requests to Wall Directory Watch.
         Starting Remount Root and Kernel File Systems...
         Mounting Huge Pages File System...
[[0;32m  OK  [0m] Started Create list of required sta…vice nodes for the current kernel.
[[0;32m  OK  [0m] Mounted POSIX Message Queue File System.
[[0;32m  OK  [0m] Started Journal Service.
[    6.929720] iscsi: registered transport (iser)
[    6.970677] EXT4-fs (sda1): re-mounted. Opts: (null)
[[0;32m  OK  [0m] Started Set the console keyboard layout.
[[0;32m  OK  [0m] Mounted Kernel Debug File System.
[[0;32m  OK  [0m] Started Load Kernel Modules.
[[0;32m  OK  [0m] Started Uncomplicated firewall.
[[0;32m  OK  [0m] Started Remount Root and Kernel File Systems.
[[0;32m  OK  [0m] Mounted Huge Pages File System.
[[0;32m  OK  [0m] Started LVM2 metadata daemon.
         Starting Load/Save Random Seed...
[    6.991446] random: crng init done
[    6.992587] random: 7 urandom warning(s) missed due to ratelimiting
         Starting Initial cloud-init job (pre-networking)...
         Mounting FUSE Control File System...
         Mounting Kernel Configuration File System...
         Starting Apply Kernel Variables...
         Starting Flush Journal to Persistent Storage...
         Starting Create Static Device Nodes in /dev...
[[0;32m  OK  [0m] Started udev Coldplug all Devices.
[[0;32m  OK  [0m] Started Load/Save Random Seed.
[[0;32m  OK  [0m] Mounted FUSE Control File System.
[[0;32m  OK  [0m] Mounted Kernel Configuration File System.
[[0;32m  OK  [0m] Started Monitoring of LVM2 mirrors,…sing dmeventd or progress polling.
[[0;32m  OK  [0m] Started Create Static Device Nodes in /dev.
         Starting udev Kernel Device Manager...
[[0;32m  OK  [0m] Reached target Local File Systems (Pre).
[[0;32m  OK  [0m] Reached target Local File Systems.
         Starting Tell Plymouth To Write Out Runtime Data...
         Starting ebtables ruleset management...
         Starting AppArmor initialization...
         Starting Set console font and keymap...
[[0;32m  OK  [0m] Started Apply Kernel Variables.
[[0;32m  OK  [0m] Started Tell Plymouth To Write Out Runtime Data.
[[0;32m  OK  [0m] Started udev Kernel Device Manager.
[[0;32m  OK  [0m] Started Dispatch Password Requests to Console Directory Watch.
[[0;32m  OK  [0m] Reached target Local Encrypted Volumes.
[[0;32m  OK  [0m] Started Set console font and keymap.
[[0;32m  OK  [0m] Found device /dev/ttyS0.
[[0;32m  OK  [0m] Started ebtables ruleset management.
[[0;32m  OK  [0m] Listening on Load/Save RF Kill Switch Status /dev/rfkill Watch.
[[0;32m  OK  [0m] Started Flush Journal to Persistent Storage.
         Starting Create Volatile Files and Directories...
[[0;32m  OK  [0m] Started Create Volatile Files and Directories.
         Starting Update UTMP about System Boot/Shutdown...
[[0;32m  OK  [0m] Started Update UTMP about System Boot/Shutdown.
[[0;32m  OK  [0m] Started AppArmor initialization.
[    8.746073] cloud-init[406]: Cloud-init v. 18.2 running 'init-local' at Thu, 28 Feb 2019 04:20:15 +0000. Up 8.56 seconds.
[[0;32m  OK  [0m] Started Initial cloud-init job (pre-networking).
[[0;32m  OK  [0m] Reached target Network (Pre).
         Starting Network Service...
[[0;32m  OK  [0m] Started Network Service.
         Starting Network Name Resolution...
         Starting Wait for Network to be Configured...
[[0;32m  OK  [0m] Started Network Name Resolution.
[[0;32m  OK  [0m] Reached target Network.
[[0;32m  OK  [0m] Reached target Host and Network Name Lookups.
[[0;32m  OK  [0m] Started Wait for Network to be Configured.
         Starting Initial cloud-init job (metadata service crawler)...
[   11.206280] cloud-init[719]: Cloud-init v. 18.2 running 'init' at Thu, 28 Feb 2019 04:20:17 +0000. Up 10.56 seconds.
[[0;32m  OK  [0m] Started Initial cloud-init job (metadata service crawler).
[   11.266890] cloud-init[719]: ci-info: ++++++++++++++++++++++++++++++++++++++Net device info+++++++++++++++++++++++++++++++++++++++
[   11.271676] cloud-init[719]: ci-info: +--------+------+-----------------------------+---------------+--------+-------------------+
[   11.274700] cloud-init[719]: ci-info: | Device |  Up  |           Address           |      Mask     | Scope  |     Hw-Address    |
[[0;32m  OK  [0m] Reached target Network is Online.
[   11.290546] cloud-init[719]: ci-info: +--------+------+-----------------------------+---------------+--------+-------------------+
         Starting iSCSI initiator daemon (iscsid)...
[   11.338275] [[0;32m  OK  [0m] Reached target Cloud-config availability.
[[0;32m  OK  [0m] Reached target System Initialization.
cloud-init[719]: ci-info: | enp0s3 | True |          10.0.2.15          | 255.255.255.0 | global | 02:79:70:27:56:0f |
[[0;32m  OK  [0m] Started Message of the Day.
[[0;32m  OK  [0m] Started Daily Cleanup of Temporary Directories.
[   11.379640] cloud-init         Starting Socket activation for snappy daemon.
[719]: ci-info: | enp0s3 | True |  fe80::79:70ff:fe27:560f/64 |       .       |  link  | 02:79:70:27:56:0f |
[   11.386786] cloud-init[719]: ci-info: | enp0s8 | True |        192.168.33.10        | 255.255.255.0 | global | 08:00:27:c1:ae:a9 |
[   11.387066] cloud-init[719]: ci-info: | enp0s8 | True | fe80::a00:27ff:fec1:aea9/64 |       .       |  link  | 08:00:27:c1:ae:a9 |
[   11.387398] cloud-init[719]: ci-info: |   lo   | True |          127.0.0.1          |   255.0.0.0   |  host  |         .         |
[   11.387726] cloud-init[719]: ci-info: |   lo   | True |           ::1/128           |       .       |  host  |         .         |
[   11.388559] cloud-init[719]: ci-info: +--------+------+-----------------------------+---------------+--------+-------------------+
[   11.388941] cloud-init[719]: ci-info: +++++++++++++++++++++++++++++Route IPv4 info+++++++++++++++++++++++++++++
[   11.389368] cloud-init[719]: ci-info: +-------+--------------+----------+-----------------+-----------+-------+
[   11.389716] cloud-init[719]: ci-info: | Route | Destination  | Gateway  |     Genmask     | Interface | Flags |
[   11.390094] cloud-init[719]: ci-info: +-------+--------------+----------+-----------------+-----------+-------+
[   11.390149] cloud-init[719]: ci-info: |   0   |   0.0.0.0    | 10.0.2.2 |     0.0.0.0     |   enp0s3  |   UG  |
[[0;32m  OK  [0m] Listening on D-Bus System Message Bus Socket.
[[0;32m  OK  [0m] Listening on UUID daemon activation socket.
[[0;32m  OK  [0m] Started Daily apt download activities.
[[0;32m  OK  [0m] Started Daily apt upgrade and clean activities.
[   11.390780] cloud-init[719]: ci-info: |   1   |   10.0.2.0   | 0.0.0.0  |  255.255.255.0  |   enp0s3  |   U   |
[   11.490542] cloud-init[719]: ci-info: |   2   |   10.0.2.2   | 0.0.0.0  | 255.255.255.255 |   enp0s3  |   UH  |
[[0;32m  OK  [0m] Started Discard unused blocks once a week.
[[0;32m  OK  [0m] Reached target Timers.
[[0;32m  OK  [0m] Listening on ACPID Listen Socket.
[   11.495436] cloud-init[719]: ci-info: |   3   | 192.168.33.0 | 0.0.0.0  |  255.255.255.0  |   enp0s8  |   U   |
[   11.515764] cloud-init[719]: ci-info: +-------+--------------+----------+-----------------+-----------+-------+
[   11.520632] cloud-init[719]: ci-info: +++++++++++++++++++Route IPv6 info+++++++++++++++++++
[[0;32m  OK  [0m] Started ACPI Events Check.
[[0;32m  OK  [0m] Reached target Paths.
         Starting LXD - unix socket.
[[0;32m  OK  [0m] Listening on Socket activation for snappy daemon.
[[0;32m  OK  [0m] Listening on LXD - unix socket.
[[0;32m  OK  [0m] Started iSCSI initiator daemon (iscsid).
         Starting Availability of block devices...
[[0;32m  OK  [0m] Reached target Remote File Systems (Pre).
[[0;32m  OK  [0m] Reached target Remote File Systems.
[[0;32m  OK  [0m] Reached target Sockets.
[[0;32m  OK  [0m] Reached target Basic System.
[   11.529584] cloud-init[719]: ci-info: +-------+-------------+---------+-----------+-------+
         Starting System Logging Service...
[   11.750321] cloud-init[719]: ci-info: | Route | Destination | Gateway | Interface | Flags |
[[0;32m  OK  [0m] Started Unattended Upgrades Shutdown.
[   11.762596] cloud-init[719]: ci-info: +-------+-------------+---------+-----------+-------+
[[0;32m  OK  [0m] Started FUSE filesystem for LXC.
[   11.826628] cloud-init         Starting Apply the settings specified in cloud-config...
[719]: [[0;32m  OK  [0m] Started Deferred execution scheduler.
         Starting LSB: automatic crash report generation...
         Starting Accounts Service...
ci-info: |   1   |  fe80::/64  |    ::   |   enp0s8  |   U   |
[   11.868879] cloud-init[719]: ci-info: |   2   |  fe80::/64  |    ::   |   enp0s3  |   U   |
[   11.882903] cloud-init[719]: ci-info: |   4   |    local    |    ::   |   enp0s3  |   U   |
[   11.899353] cloud-init[719]: ci-info: |   5   |    local    |    ::   |   enp0s8  |   U   |
[   11.905013]          Starting Snappy daemon...
cloud-init[719]: ci-info: |   6   |   ff00::/8  |    ::   |   enp0s8  |   U   |
         Starting OpenBSD Secure Shell server...
[[0;32m  OK  [0m] Started D-Bus System Message Bus.
[   11.923152] cloud-init[719]: ci-info: |   7   |   ff00::/8  |    ::   |   enp0s3  |   U   |
[   11.950119] cloud-init[719]: ci-info: +-------+-------------+---------+-----------+-------+
         Starting LXD - container startup/shutdown...
[[0;32m  OK  [0m] Started irqbalance daemon.
         Starting LSB: Record successful boot for GRUB...
         Starting Dispatcher daemon for systemd-networkd...
         Starting Permit User Sessions...
         Starting Login Service...
         Starting vboxadd.service...
[[0;32m  OK  [0m] Started Regular background program processing daemon.
[[0;32m  OK  [0m] Started System Logging Service.
[[0;32m  OK  [0m] Started Snappy daemon.
[[0;32m  OK  [0m] Started Availability of block devices.
[[0;32m  OK  [0m] Started Permit User Sessions.
[[0;32m  OK  [0m] Started OpenBSD Secure Shell server.
[[0;32m  OK  [0m] Started Login Service.
         Starting Authorization Manager...
         Starting Hold until boot process finishes up...
         Starting Terminate Plymouth Boot Screen...
         Starting Wait until snapd is fully seeded...
[[0;32m  OK  [0m] Started Hold until boot process finishes up.
[[0;32m  OK  [0m] Started Terminate Plymouth Boot Screen.
[[0;32m  OK  [0m] Started Serial Getty on ttyS0.
         Starting Set console scheme...
[[0;32m  OK  [0m] Started Authorization Manager.
[[0;32m  OK  [0m] Started Accounts Service.
[[0;32m  OK  [0m] Started Set console scheme.
[[0;32m  OK  [0m] Created slice system-getty.slice.
[[0;32m  OK  [0m] Started Getty on tty1.
[[0;32m  OK  [0m] Reached target Login Prompts.
[[0;32m  OK  [0m] Created slice User Slice of vagrant.
[[0;32m  OK  [0m] Started LSB: automatic crash report generation.
[[0;32m  OK  [0m] Started LSB: Record successful boot for GRUB.
[[0;32m  OK  [0m] Started Wait until snapd is fully seeded.
[[0;32m  OK  [0m] Started Session 1 of user vagrant.
         Starting User Manager for UID 1000...
[[0;32m  OK  [0m] Started LXD - container startup/shutdown.
[[0;32m  OK  [0m] Started Dispatcher daemon for systemd-networkd.
[   12.993060] cloud-init[862]: Cloud-init v. 18.2 running 'modules:config' at Thu, 28 Feb 2019 04:20:19 +0000. Up 12.69 seconds.
[[0;32m  OK  [0m] Started Apply the settings specified in cloud-config.
[[0;32m  OK  [0m] Started User Manager for UID 1000.
[[0;32m  OK  [0m] Started vboxadd.service.
         Starting vboxadd-service.service...
[[0;32m  OK  [0m] Started vboxadd-service.service.
[[0;32m  OK  [0m] Reached target Multi-User System.
         Starting Execute cloud user/final scripts...
[[0;32m  OK  [0m] Reached target Graphical Interface.
         Starting Update UTMP about System Runlevel Changes...
[[0;32m  OK  [0m] Started Update UTMP about System Runlevel Changes.
[   14.155066] cloud-init[1219]: Cloud-init v. 18.2 running 'modules:final' at Thu, 28 Feb 2019 04:20:20 +0000. Up 13.99 seconds.
[   14.158287] cloud-init[1219]: Cloud-init v. 18.2 finished at Thu, 28 Feb 2019 04:20:20 +0000. Datasource DataSourceNoCloud [seed=/dev/sdb][dsmode=net].  Up 14.14 seconds
[[0;32m  OK  [0m] Started Execute cloud user/final scripts.
[[0;32m  OK  [0m] Reached target Cloud-init target.

Ubuntu 18.04.1 LTS ubuntu-bionic ttyS0

ubuntu-bionic login: 